The system is: Darwin - 14.3.0 - x86_64
Compiling the C compiler identification source file "CMakeCCompilerId.c" succeeded.
Compiler: /Applications/Xcode.app/Contents/Developer/Toolchains/XcodeDefault.xctoolchain/usr/bin/cc 
Build flags: 
Id flags: 

The output was:
0


Compilation of the C compiler identification source "CMakeCCompilerId.c" produced "a.out"

The C compiler identification is AppleClang, found in "/Volumes/42_MBARBARI/graphics/Arkanoid/Libs/glfw-3.1.1/CMakeFiles/3.2.1/CompilerIdC/a.out"

Determining if the C compiler works passed with the following output:
Change Dir: /Volumes/42_MBARBARI/graphics/Arkanoid/Libs/glfw-3.1.1/CMakeFiles/CMakeTmp

Run Build Command:"/usr/bin/make" "cmTryCompileExec921468094/fast"
/Applications/Xcode.app/Contents/Developer/usr/bin/make -f CMakeFiles/cmTryCompileExec921468094.dir/build.make CMakeFiles/cmTryCompileExec921468094.dir/build
/Volumes/Data/nfs/zfs-student-2/users/2014/mbarbari/.brew/Cellar/cmake/3.2.1/bin/cmake -E cmake_progress_report /Volumes/42_MBARBARI/graphics/Arkanoid/Libs/glfw-3.1.1/CMakeFiles/CMakeTmp/CMakeFiles 1
Building C object CMakeFiles/cmTryCompileExec921468094.dir/testCCompiler.c.o
/Applications/Xcode.app/Contents/Developer/Toolchains/XcodeDefault.xctoolchain/usr/bin/cc    -o CMakeFiles/cmTryCompileExec921468094.dir/testCCompiler.c.o   -c /Volumes/42_MBARBARI/graphics/Arkanoid/Libs/glfw-3.1.1/CMakeFiles/CMakeTmp/testCCompiler.c
Linking C executable cmTryCompileExec921468094
/Volumes/Data/nfs/zfs-student-2/users/2014/mbarbari/.brew/Cellar/cmake/3.2.1/bin/cmake -E cmake_link_script CMakeFiles/cmTryCompileExec921468094.dir/link.txt --verbose=1
/Applications/Xcode.app/Contents/Developer/Toolchains/XcodeDefault.xctoolchain/usr/bin/cc    -Wl,-search_paths_first -Wl,-headerpad_max_install_names   CMakeFiles/cmTryCompileExec921468094.dir/testCCompiler.c.o  -o cmTryCompileExec921468094  


Detecting C compiler ABI info compiled with the following output:
Change Dir: /Volumes/42_MBARBARI/graphics/Arkanoid/Libs/glfw-3.1.1/CMakeFiles/CMakeTmp

Run Build Command:"/usr/bin/make" "cmTryCompileExec2983953676/fast"
/Applications/Xcode.app/Contents/Developer/usr/bin/make -f CMakeFiles/cmTryCompileExec2983953676.dir/build.make CMakeFiles/cmTryCompileExec2983953676.dir/build
/Volumes/Data/nfs/zfs-student-2/users/2014/mbarbari/.brew/Cellar/cmake/3.2.1/bin/cmake -E cmake_progress_report /Volumes/42_MBARBARI/graphics/Arkanoid/Libs/glfw-3.1.1/CMakeFiles/CMakeTmp/CMakeFiles 1
Building C object CMakeFiles/cmTryCompileExec2983953676.dir/CMakeCCompilerABI.c.o
/Applications/Xcode.app/Contents/Developer/Toolchains/XcodeDefault.xctoolchain/usr/bin/cc    -o CMakeFiles/cmTryCompileExec2983953676.dir/CMakeCCompilerABI.c.o   -c /Volumes/Data/nfs/zfs-student-2/users/2014/mbarbari/.brew/Cellar/cmake/3.2.1/share/cmake/Modules/CMakeCCompilerABI.c
Linking C executable cmTryCompileExec2983953676
/Volumes/Data/nfs/zfs-student-2/users/2014/mbarbari/.brew/Cellar/cmake/3.2.1/bin/cmake -E cmake_link_script CMakeFiles/cmTryCompileExec2983953676.dir/link.txt --verbose=1
/Applications/Xcode.app/Contents/Developer/Toolchains/XcodeDefault.xctoolchain/usr/bin/cc    -Wl,-search_paths_first -Wl,-headerpad_max_install_names  -v -Wl,-v CMakeFiles/cmTryCompileExec2983953676.dir/CMakeCCompilerABI.c.o  -o cmTryCompileExec2983953676   
Apple LLVM version 6.1.0 (clang-602.0.49) (based on LLVM 3.6.0svn)
Target: x86_64-apple-darwin14.3.0
Thread model: posix
 "/Applications/Xcode.app/Contents/Developer/Toolchains/XcodeDefault.xctoolchain/usr/bin/ld" -demangle -dynamic -arch x86_64 -macosx_version_min 10.10.0 -o cmTryCompileExec2983953676 -search_paths_first -headerpad_max_install_names -v CMakeFiles/cmTryCompileExec2983953676.dir/CMakeCCompilerABI.c.o -lSystem /Applications/Xcode.app/Contents/Developer/Toolchains/XcodeDefault.xctoolchain/usr/bin/../lib/clang/6.1.0/lib/darwin/libclang_rt.osx.a
@(#)PROGRAM:ld  PROJECT:ld64-242
configured to support archs: armv6 armv7 armv7s arm64 i386 x86_64 x86_64h armv6m armv7m armv7em
Library search paths:
	/usr/lib
	/usr/local/lib
Framework search paths:
	/Library/Frameworks/
	/System/Library/Frameworks/


Parsed C implicit link information from above output:
  link line regex: [^( *|.*[/\])(ld|([^/\]+-)?ld|collect2)[^/\]*( |$)]
  ignore line: [Change Dir: /Volumes/42_MBARBARI/graphics/Arkanoid/Libs/glfw-3.1.1/CMakeFiles/CMakeTmp]
  ignore line: []
  ignore line: [Run Build Command:"/usr/bin/make" "cmTryCompileExec2983953676/fast"]
  ignore line: [/Applications/Xcode.app/Contents/Developer/usr/bin/make -f CMakeFiles/cmTryCompileExec2983953676.dir/build.make CMakeFiles/cmTryCompileExec2983953676.dir/build]
  ignore line: [/Volumes/Data/nfs/zfs-student-2/users/2014/mbarbari/.brew/Cellar/cmake/3.2.1/bin/cmake -E cmake_progress_report /Volumes/42_MBARBARI/graphics/Arkanoid/Libs/glfw-3.1.1/CMakeFiles/CMakeTmp/CMakeFiles 1]
  ignore line: [Building C object CMakeFiles/cmTryCompileExec2983953676.dir/CMakeCCompilerABI.c.o]
  ignore line: [/Applications/Xcode.app/Contents/Developer/Toolchains/XcodeDefault.xctoolchain/usr/bin/cc    -o CMakeFiles/cmTryCompileExec2983953676.dir/CMakeCCompilerABI.c.o   -c /Volumes/Data/nfs/zfs-student-2/users/2014/mbarbari/.brew/Cellar/cmake/3.2.1/share/cmake/Modules/CMakeCCompilerABI.c]
  ignore line: [Linking C executable cmTryCompileExec2983953676]
  ignore line: [/Volumes/Data/nfs/zfs-student-2/users/2014/mbarbari/.brew/Cellar/cmake/3.2.1/bin/cmake -E cmake_link_script CMakeFiles/cmTryCompileExec2983953676.dir/link.txt --verbose=1]
  ignore line: [/Applications/Xcode.app/Contents/Developer/Toolchains/XcodeDefault.xctoolchain/usr/bin/cc    -Wl,-search_paths_first -Wl,-headerpad_max_install_names  -v -Wl,-v CMakeFiles/cmTryCompileExec2983953676.dir/CMakeCCompilerABI.c.o  -o cmTryCompileExec2983953676   ]
  ignore line: [Apple LLVM version 6.1.0 (clang-602.0.49) (based on LLVM 3.6.0svn)]
  ignore line: [Target: x86_64-apple-darwin14.3.0]
  ignore line: [Thread model: posix]
  link line: [ "/Applications/Xcode.app/Contents/Developer/Toolchains/XcodeDefault.xctoolchain/usr/bin/ld" -demangle -dynamic -arch x86_64 -macosx_version_min 10.10.0 -o cmTryCompileExec2983953676 -search_paths_first -headerpad_max_install_names -v CMakeFiles/cmTryCompileExec2983953676.dir/CMakeCCompilerABI.c.o -lSystem /Applications/Xcode.app/Contents/Developer/Toolchains/XcodeDefault.xctoolchain/usr/bin/../lib/clang/6.1.0/lib/darwin/libclang_rt.osx.a]
    arg [/Applications/Xcode.app/Contents/Developer/Toolchains/XcodeDefault.xctoolchain/usr/bin/ld] ==> ignore
    arg [-demangle] ==> ignore
    arg [-dynamic] ==> ignore
    arg [-arch] ==> ignore
    arg [x86_64] ==> ignore
    arg [-macosx_version_min] ==> ignore
    arg [10.10.0] ==> ignore
    arg [-o] ==> ignore
    arg [cmTryCompileExec2983953676] ==> ignore
    arg [-search_paths_first] ==> ignore
    arg [-headerpad_max_install_names] ==> ignore
    arg [-v] ==> ignore
    arg [CMakeFiles/cmTryCompileExec2983953676.dir/CMakeCCompilerABI.c.o] ==> ignore
    arg [-lSystem] ==> lib [System]
    arg [/Applications/Xcode.app/Contents/Developer/Toolchains/XcodeDefault.xctoolchain/usr/bin/../lib/clang/6.1.0/lib/darwin/libclang_rt.osx.a] ==> lib [/Applications/Xcode.app/Contents/Developer/Toolchains/XcodeDefault.xctoolchain/usr/bin/../lib/clang/6.1.0/lib/darwin/libclang_rt.osx.a]
  Library search paths: [;/usr/lib;/usr/local/lib]
  Framework search paths: [;/Library/Frameworks/;/System/Library/Frameworks/]
  remove lib [System]
  collapse lib [/Applications/Xcode.app/Contents/Developer/Toolchains/XcodeDefault.xctoolchain/usr/bin/../lib/clang/6.1.0/lib/darwin/libclang_rt.osx.a] ==> [/Applications/Xcode.app/Contents/Developer/Toolchains/XcodeDefault.xctoolchain/usr/lib/clang/6.1.0/lib/darwin/libclang_rt.osx.a]
  collapse library dir [/usr/lib] ==> [/usr/lib]
  collapse library dir [/usr/local/lib] ==> [/usr/local/lib]
  collapse framework dir [/Library/Frameworks/] ==> [/Library/Frameworks]
  collapse framework dir [/System/Library/Frameworks/] ==> [/System/Library/Frameworks]
  implicit libs: [/Applications/Xcode.app/Contents/Developer/Toolchains/XcodeDefault.xctoolchain/usr/lib/clang/6.1.0/lib/darwin/libclang_rt.osx.a]
  implicit dirs: [/usr/lib;/usr/local/lib]
  implicit fwks: [/Library/Frameworks;/System/Library/Frameworks]




Detecting C [-std=c11] compiler features compiled with the following output:
Change Dir: /Volumes/42_MBARBARI/graphics/Arkanoid/Libs/glfw-3.1.1/CMakeFiles/CMakeTmp

Run Build Command:"/usr/bin/make" "cmTryCompileExec4242778091/fast"
/Applications/Xcode.app/Contents/Developer/usr/bin/make -f CMakeFiles/cmTryCompileExec4242778091.dir/build.make CMakeFiles/cmTryCompileExec4242778091.dir/build
/Volumes/Data/nfs/zfs-student-2/users/2014/mbarbari/.brew/Cellar/cmake/3.2.1/bin/cmake -E cmake_progress_report /Volumes/42_MBARBARI/graphics/Arkanoid/Libs/glfw-3.1.1/CMakeFiles/CMakeTmp/CMakeFiles 1
Building C object CMakeFiles/cmTryCompileExec4242778091.dir/feature_tests.c.o
/Applications/Xcode.app/Contents/Developer/Toolchains/XcodeDefault.xctoolchain/usr/bin/cc   -std=c11 -o CMakeFiles/cmTryCompileExec4242778091.dir/feature_tests.c.o   -c /Volumes/42_MBARBARI/graphics/Arkanoid/Libs/glfw-3.1.1/CMakeFiles/feature_tests.c
Linking C executable cmTryCompileExec4242778091
/Volumes/Data/nfs/zfs-student-2/users/2014/mbarbari/.brew/Cellar/cmake/3.2.1/bin/cmake -E cmake_link_script CMakeFiles/cmTryCompileExec4242778091.dir/link.txt --verbose=1
/Applications/Xcode.app/Contents/Developer/Toolchains/XcodeDefault.xctoolchain/usr/bin/cc    -Wl,-search_paths_first -Wl,-headerpad_max_install_names   CMakeFiles/cmTryCompileExec4242778091.dir/feature_tests.c.o  -o cmTryCompileExec4242778091  


    Feature record: C_FEATURE:1c_function_prototypes
    Feature record: C_FEATURE:1c_restrict
    Feature record: C_FEATURE:1c_static_assert
    Feature record: C_FEATURE:1c_variadic_macros


Detecting C [-std=c99] compiler features compiled with the following output:
Change Dir: /Volumes/42_MBARBARI/graphics/Arkanoid/Libs/glfw-3.1.1/CMakeFiles/CMakeTmp

Run Build Command:"/usr/bin/make" "cmTryCompileExec1859184563/fast"
/Applications/Xcode.app/Contents/Developer/usr/bin/make -f CMakeFiles/cmTryCompileExec1859184563.dir/build.make CMakeFiles/cmTryCompileExec1859184563.dir/build
/Volumes/Data/nfs/zfs-student-2/users/2014/mbarbari/.brew/Cellar/cmake/3.2.1/bin/cmake -E cmake_progress_report /Volumes/42_MBARBARI/graphics/Arkanoid/Libs/glfw-3.1.1/CMakeFiles/CMakeTmp/CMakeFiles 1
Building C object CMakeFiles/cmTryCompileExec1859184563.dir/feature_tests.c.o
/Applications/Xcode.app/Contents/Developer/Toolchains/XcodeDefault.xctoolchain/usr/bin/cc   -std=c99 -o CMakeFiles/cmTryCompileExec1859184563.dir/feature_tests.c.o   -c /Volumes/42_MBARBARI/graphics/Arkanoid/Libs/glfw-3.1.1/CMakeFiles/feature_tests.c
Linking C executable cmTryCompileExec1859184563
/Volumes/Data/nfs/zfs-student-2/users/2014/mbarbari/.brew/Cellar/cmake/3.2.1/bin/cmake -E cmake_link_script CMakeFiles/cmTryCompileExec1859184563.dir/link.txt --verbose=1
/Applications/Xcode.app/Contents/Developer/Toolchains/XcodeDefault.xctoolchain/usr/bin/cc    -Wl,-search_paths_first -Wl,-headerpad_max_install_names   CMakeFiles/cmTryCompileExec1859184563.dir/feature_tests.c.o  -o cmTryCompileExec1859184563  


    Feature record: C_FEATURE:1c_function_prototypes
    Feature record: C_FEATURE:1c_restrict
    Feature record: C_FEATURE:0c_static_assert
    Feature record: C_FEATURE:1c_variadic_macros


Detecting C [-std=c90] compiler features compiled with the following output:
Change Dir: /Volumes/42_MBARBARI/graphics/Arkanoid/Libs/glfw-3.1.1/CMakeFiles/CMakeTmp

Run Build Command:"/usr/bin/make" "cmTryCompileExec4192022245/fast"
/Applications/Xcode.app/Contents/Developer/usr/bin/make -f CMakeFiles/cmTryCompileExec4192022245.dir/build.make CMakeFiles/cmTryCompileExec4192022245.dir/build
/Volumes/Data/nfs/zfs-student-2/users/2014/mbarbari/.brew/Cellar/cmake/3.2.1/bin/cmake -E cmake_progress_report /Volumes/42_MBARBARI/graphics/Arkanoid/Libs/glfw-3.1.1/CMakeFiles/CMakeTmp/CMakeFiles 1
Building C object CMakeFiles/cmTryCompileExec4192022245.dir/feature_tests.c.o
/Applications/Xcode.app/Contents/Developer/Toolchains/XcodeDefault.xctoolchain/usr/bin/cc   -std=c90 -o CMakeFiles/cmTryCompileExec4192022245.dir/feature_tests.c.o   -c /Volumes/42_MBARBARI/graphics/Arkanoid/Libs/glfw-3.1.1/CMakeFiles/feature_tests.c
Linking C executable cmTryCompileExec4192022245
/Volumes/Data/nfs/zfs-student-2/users/2014/mbarbari/.brew/Cellar/cmake/3.2.1/bin/cmake -E cmake_link_script CMakeFiles/cmTryCompileExec4192022245.dir/link.txt --verbose=1
/Applications/Xcode.app/Contents/Developer/Toolchains/XcodeDefault.xctoolchain/usr/bin/cc    -Wl,-search_paths_first -Wl,-headerpad_max_install_names   CMakeFiles/cmTryCompileExec4192022245.dir/feature_tests.c.o  -o cmTryCompileExec4192022245  


    Feature record: C_FEATURE:1c_function_prototypes
    Feature record: C_FEATURE:0c_restrict
    Feature record: C_FEATURE:0c_static_assert
    Feature record: C_FEATURE:0c_variadic_macros
Determining if files pthread.h exist passed with the following output:
Change Dir: /Volumes/42_MBARBARI/graphics/Arkanoid/Libs/glfw-3.1.1/CMakeFiles/CMakeTmp

Run Build Command:"/usr/bin/make" "cmTryCompileExec387537149/fast"
/Applications/Xcode.app/Contents/Developer/usr/bin/make -f CMakeFiles/cmTryCompileExec387537149.dir/build.make CMakeFiles/cmTryCompileExec387537149.dir/build
/Volumes/Data/nfs/zfs-student-2/users/2014/mbarbari/.brew/Cellar/cmake/3.2.1/bin/cmake -E cmake_progress_report /Volumes/42_MBARBARI/graphics/Arkanoid/Libs/glfw-3.1.1/CMakeFiles/CMakeTmp/CMakeFiles 1
Building C object CMakeFiles/cmTryCompileExec387537149.dir/CheckIncludeFiles.c.o
/Applications/Xcode.app/Contents/Developer/Toolchains/XcodeDefault.xctoolchain/usr/bin/cc    -o CMakeFiles/cmTryCompileExec387537149.dir/CheckIncludeFiles.c.o   -c /Volumes/42_MBARBARI/graphics/Arkanoid/Libs/glfw-3.1.1/CMakeFiles/CMakeTmp/CheckIncludeFiles.c
Linking C executable cmTryCompileExec387537149
/Volumes/Data/nfs/zfs-student-2/users/2014/mbarbari/.brew/Cellar/cmake/3.2.1/bin/cmake -E cmake_link_script CMakeFiles/cmTryCompileExec387537149.dir/link.txt --verbose=1
/Applications/Xcode.app/Contents/Developer/Toolchains/XcodeDefault.xctoolchain/usr/bin/cc    -Wl,-search_paths_first -Wl,-headerpad_max_install_names   CMakeFiles/cmTryCompileExec387537149.dir/CheckIncludeFiles.c.o  -o cmTryCompileExec387537149  


Determining if the pthread_create exist passed with the following output:
Change Dir: /Volumes/42_MBARBARI/graphics/Arkanoid/Libs/glfw-3.1.1/CMakeFiles/CMakeTmp

Run Build Command:"/usr/bin/make" "cmTryCompileExec3203041021/fast"
/Applications/Xcode.app/Contents/Developer/usr/bin/make -f CMakeFiles/cmTryCompileExec3203041021.dir/build.make CMakeFiles/cmTryCompileExec3203041021.dir/build
/Volumes/Data/nfs/zfs-student-2/users/2014/mbarbari/.brew/Cellar/cmake/3.2.1/bin/cmake -E cmake_progress_report /Volumes/42_MBARBARI/graphics/Arkanoid/Libs/glfw-3.1.1/CMakeFiles/CMakeTmp/CMakeFiles 1
Building C object CMakeFiles/cmTryCompileExec3203041021.dir/CheckSymbolExists.c.o
/Applications/Xcode.app/Contents/Developer/Toolchains/XcodeDefault.xctoolchain/usr/bin/cc    -o CMakeFiles/cmTryCompileExec3203041021.dir/CheckSymbolExists.c.o   -c /Volumes/42_MBARBARI/graphics/Arkanoid/Libs/glfw-3.1.1/CMakeFiles/CMakeTmp/CheckSymbolExists.c
Linking C executable cmTryCompileExec3203041021
/Volumes/Data/nfs/zfs-student-2/users/2014/mbarbari/.brew/Cellar/cmake/3.2.1/bin/cmake -E cmake_link_script CMakeFiles/cmTryCompileExec3203041021.dir/link.txt --verbose=1
/Applications/Xcode.app/Contents/Developer/Toolchains/XcodeDefault.xctoolchain/usr/bin/cc    -Wl,-search_paths_first -Wl,-headerpad_max_install_names   CMakeFiles/cmTryCompileExec3203041021.dir/CheckSymbolExists.c.o  -o cmTryCompileExec3203041021  

File /Volumes/42_MBARBARI/graphics/Arkanoid/Libs/glfw-3.1.1/CMakeFiles/CMakeTmp/CheckSymbolExists.c:
/* */
#include <pthread.h>

int main(int argc, char** argv)
{
  (void)argv;
#ifndef pthread_create
  return ((int*)(&pthread_create))[argc];
#else
  (void)argc;
  return 0;
#endif
}

